1*****************************************************************************
 *                                                                           *
 *       DATE  4/13/18               LOG OF 95 INTEL LINUX NASTRAN JOB       *
 *                                                                           *
 *****************************************************************************

   WALL               TOTAL       INCREMENTAL      MODULE              MODULE/
   CLOCK               CPU            CPU            CPU             SUBROUTINE
   TIME              SECONDS        SECONDS        SECONDS             STATUS

 ------------------------------------------------------------------------------

 09:56:31.009         0.000          0.000                    SEM1  BEGN
 09:56:31.011         0.000          0.000                    GNFI
 09:56:31.011         0.000          0.000                    TTIO
 09:56:31.013         0.000          0.000                    TTLP
 09:56:31.013         0.000          0.000                    XCSA
 ID GOLAND WING                                                          
 09:56:31.016         0.000          0.000                    IFP1
 09:56:31.017         0.000          0.000                    XSOR
 09:56:31.019         0.000          0.000                    IFP   BEGN
 09:56:31.020         0.000          0.000                    IFP   END 
 09:56:31.020         0.000          0.000                    XGPI
 09:56:31.021         0.000          0.000                    BAND  IT  BEGN
 09:56:31.806         0.203          0.000                    BAND  IT  END 
 09:56:31.806         0.203          0.000                    SEM1  END 
 09:56:31.806         0.203          0.000                       4  PARAM     BEGN
 09:56:31.806         0.203          0.000          0.000        4  PARAM     END 
 09:56:31.806         0.203          0.000                    XSFA      BEGN
 09:56:31.807         0.203          0.000                    XSFA      END 
 09:56:31.807         0.203          0.000                       5  GP1       BEGN
 09:56:32.129         0.203          0.000          0.000        5  GP1       END 
 09:56:32.129         0.203          0.000                       6  ANISOP    BEGN
 09:56:32.129         0.203          0.000          0.000        6  ANISOP    END 
 09:56:32.129         0.203          0.000                       7  EQUIV     BEGN
 09:56:32.129         0.203          0.000          0.000        7  EQUIV     END 
 09:56:32.129         0.203          0.000                       8  PLTTRAN   BEGN
 09:56:32.129         0.203          0.000          0.000        8  PLTTRAN   END 
 09:56:32.129         0.203          0.000                       9  GP2       BEGN
 09:56:32.129         0.203          0.000          0.000        9  GP2       END 
 09:56:32.129         0.203          0.000                      10  PARAML    BEGN
 09:56:32.129         0.203          0.000          0.000       10  PARAML    END 
 09:56:32.129         0.203          0.000                      11  PURGE     BEGN
 09:56:32.129         0.203          0.000          0.000       11  PURGE     END 
 09:56:32.129         0.203          0.000                      12  COND      BEGN
 09:56:32.129         0.203          0.000          0.000       12  COND      END 
 09:56:32.129         0.203          0.000                      21  GP3       BEGN
 09:56:32.129         0.203          0.000          0.000       21  GP3       END 
 09:56:32.129         0.203          0.000                      22  TA1       BEGN
 09:56:32.129         0.203          0.000          0.000       22  TA1       END 
 09:56:32.129         0.203          0.000                      23  EQUIV     BEGN
 09:56:32.129         0.203          0.000          0.000       23  EQUIV     END 
 09:56:32.129         0.203          0.000                      24  COND      BEGN
 09:56:32.130         0.203          0.000          0.000       24  COND      END 
 09:56:32.130         0.203          0.000                      25  PARAM     BEGN
 09:56:32.130         0.203          0.000          0.000       25  PARAM     END 
 09:56:32.130         0.203          0.000                      26  PARAM     BEGN
 09:56:32.130         0.203          0.000          0.000       26  PARAM     END 
 09:56:32.130         0.203          0.000                      27  EMG       BEGN
 09:56:32.478         0.203          0.000          0.000       27  EMG       END 
 09:56:32.478         0.203          0.000                      28  PURGE     BEGN
 09:56:32.478         0.203          0.000          0.000       28  PURGE     END 
 09:56:32.479         0.203          0.000                      29  COND      BEGN
 09:56:32.479         0.203          0.000          0.000       29  COND      END 
 09:56:32.479         0.203          0.000                      30  EMA       BEGN
 09:56:32.481         0.203          0.000          0.000       30  EMA       END 
 09:56:32.481         0.203          0.000                      32  COND      BEGN
 09:56:32.481         0.203          0.000          0.000       32  COND      END 
 09:56:32.481         0.203          0.000                      33  EMA       BEGN
 09:56:32.482         0.203          0.000          0.000       33  EMA       END 
 09:56:32.482         0.203          0.000                      34  PURGE     BEGN
 09:56:32.482         0.203          0.000          0.000       34  PURGE     END 
 09:56:32.482         0.203          0.000                      35  COND      BEGN
 09:56:32.482         0.203          0.000          0.000       35  COND      END 
 09:56:32.482         0.203          0.000                      36  GPWG      BEGN
 09:56:32.482         0.203          0.000                    TRAN  POSE
 09:56:32.482         0.203          0.000                    TRAN  POSE
 09:56:32.482         0.203          0.000                    MMA       BEGN
 09:56:32.482         0.203          0.000                    MMA3  1   BEGN
 09:56:32.482         0.203          0.000                    MMA3  1   END 
   METHOD USED = 31NT  ACTUAL NUMBER OF PASSES =   1
 09:56:32.482         0.203          0.000                    MMA       END 
 09:56:32.482         0.203          0.000                    MMA       BEGN
 09:56:32.482         0.203          0.000                    MMA3  2   BEGN
 09:56:32.483         0.203          0.000                    MMA3  2   END 
   METHOD USED = 32T   ACTUAL NUMBER OF PASSES =   1
 09:56:32.483         0.203          0.000                    MMA       END 
 09:56:32.483         0.203          0.000          0.000       36  GPWG      END 
 09:56:32.483         0.203          0.000                      37  OFP       BEGN
 09:56:32.483         0.203          0.000          0.000       37  OFP       END 
 09:56:32.483         0.203          0.000                      39  EQUIV     BEGN
 09:56:32.483         0.203          0.000          0.000       39  EQUIV     END 
 09:56:32.483         0.203          0.000                      40  COND      BEGN
 09:56:32.483         0.203          0.000          0.000       40  COND      END 
 09:56:32.483         0.203          0.000                      43  GPSTGEN   BEGN
 09:56:32.484         0.203          0.000          0.000       43  GPSTGEN   END 
 09:56:32.484         0.203          0.000                      44  PARAM     BEGN
 09:56:32.484         0.203          0.000          0.000       44  PARAM     END 
 09:56:32.484         0.203          0.000                    XSFA      BEGN
 09:56:32.484         0.203          0.000                    XSFA      END 
 09:56:32.484         0.203          0.000                      45  GP4       BEGN
 09:56:32.484         0.203          0.000          0.000       45  GP4       END 
 09:56:32.484         0.203          0.000                      46  OFP       BEGN
 09:56:32.484         0.203          0.000          0.000       46  OFP       END 
 09:56:32.484         0.203          0.000                      47  COND      BEGN
 09:56:32.484         0.203          0.000          0.000       47  COND      END 
 09:56:32.484         0.203          0.000                      48  PURGE     BEGN
 09:56:32.484         0.203          0.000          0.000       48  PURGE     END 
 09:56:32.484         0.203          0.000                      49  EQUIV     BEGN
 09:56:32.484         0.203          0.000          0.000       49  EQUIV     END 
 09:56:32.484         0.203          0.000                      50  COND      BEGN
 09:56:32.484         0.203          0.000          0.000       50  COND      END 
 09:56:32.484         0.203          0.000                      54  EQUIV     BEGN
 09:56:32.484         0.203          0.000          0.000       54  EQUIV     END 
 09:56:32.484         0.203          0.000                      55  COND      BEGN
 09:56:32.484         0.203          0.000          0.000       55  COND      END 
 09:56:32.484         0.203          0.000                    XSFA      BEGN
 09:56:32.484         0.203          0.000                    XSFA      END 
 09:56:32.484         0.203          0.000                      56  SCE1      BEGN
 09:56:32.486         0.203          0.000          0.000       56  SCE1      END 
 09:56:32.486         0.203          0.000                      58  EQUIV     BEGN
 09:56:32.486         0.203          0.000          0.000       58  EQUIV     END 
 09:56:32.486         0.203          0.000                      59  EQUIV     BEGN
 09:56:32.486         0.203          0.000          0.000       59  EQUIV     END 
 09:56:32.486         0.203          0.000                      60  COND      BEGN
 09:56:32.486         0.203          0.000          0.000       60  COND      END 
 09:56:32.486         0.203          0.000                      64  COND      BEGN
 09:56:32.486         0.203          0.000          0.000       64  COND      END 
 09:56:32.486         0.203          0.000                      70  DPD       BEGN
 09:56:32.486         0.203          0.000          0.000       70  DPD       END 
 09:56:32.486         0.203          0.000                      71  COND      BEGN
 09:56:32.486         0.203          0.000          0.000       71  COND      END 
 09:56:32.486         0.203          0.000                      72  PARAM     BEGN
 09:56:32.486         0.203          0.000          0.000       72  PARAM     END 
 09:56:32.486         0.203          0.000                    XSFA      BEGN
 09:56:32.486         0.203          0.000                    XSFA      END 
 09:56:32.486         0.203          0.000                      73  READ      BEGN
 09:56:32.486         0.203          0.000                    FEER      BEGN
 09:56:32.486         0.203          0.000                    FEER  1   BEGN
 09:56:32.488         0.203          0.000                    FEER  1   END 
 09:56:32.488         0.203          0.000                    FEER  2   BEGN
 09:56:32.488         0.203          0.000                    SMCO  MP  BEGN          
 09:56:32.490         0.203          0.000                    SMCO  MP  END           
 09:56:32.490         0.203          0.000                    FEER  2   END 
 09:56:32.491         0.203          0.000                    FEER  3   BEGN
 09:56:32.491         0.203          0.000                    FERX  TD  BEGN
 09:56:32.495         0.203          0.000                    FERX  TD  END 
 09:56:32.495         0.203          0.000                    FEER  3   END 
 09:56:32.495         0.203          0.000                    FEER  4   BEGN
 09:56:32.497         0.203          0.000                    FEER  4   END 
 09:56:32.497         0.203          0.000                    FEER      END 
 09:56:32.498         0.203          0.000                    MMA       BEGN
 09:56:32.498         0.203          0.000                    MMA2  1   BEGN
 09:56:32.498         0.203          0.000                    MMA2  1   END 
   METHOD USED = 21NT  ACTUAL NUMBER OF PASSES =   1
 09:56:32.498         0.203          0.000                    MMA       END 
 09:56:32.498         0.203          0.000                    MMA       BEGN
 09:56:32.498         0.203          0.000                    MMA1  1   BEGN
 09:56:32.499         0.203          0.000                    MMA1  1   END 
   METHOD USED = 11T   ACTUAL NUMBER OF PASSES =   1
 09:56:32.499         0.203          0.000                    MMA       END 
 09:56:32.499         0.203          0.000          0.000       73  READ      END 
 09:56:32.499         0.203          0.000                      74  OFP       BEGN
 09:56:32.499         0.203          0.000          0.000       74  OFP       END 
 09:56:32.500         0.203          0.000                      75  COND      BEGN
 09:56:32.500         0.203          0.000          0.000       75  COND      END 
 09:56:32.500         0.203          0.000                      76  OFP       BEGN
 09:56:32.504         0.203          0.000          0.000       76  OFP       END 
 09:56:32.504         0.203          0.000                      77  SDR1      BEGN
 09:56:32.504         0.203          0.000                    MMA       BEGN
 09:56:32.504         0.203          0.000                    MMA2  1   BEGN
 09:56:32.504         0.203          0.000                    MMA2  1   END 
   METHOD USED = 21T   ACTUAL NUMBER OF PASSES =   1
 09:56:32.504         0.203          0.000                    MMA       END 
 09:56:32.504         0.203          0.000          0.000       77  SDR1      END 
 09:56:32.504         0.203          0.000                      78  COND      BEGN
 09:56:32.504         0.203          0.000          0.000       78  COND      END 
 09:56:32.504         0.203          0.000                      82  SDR2      BEGN
 09:56:32.505         0.203          0.000          0.000       82  SDR2      END 
 09:56:32.505         0.203          0.000                      83  OFP       BEGN
 09:56:32.575         0.203          0.000          0.000       83  OFP       END 
 09:56:32.575         0.203          0.000                      84  SCAN      BEGN
 09:56:32.575         0.203          0.000          0.000       84  SCAN      END 
 09:56:32.575         0.203          0.000                      85  OFP       BEGN
 09:56:32.575         0.203          0.000          0.000       85  OFP       END 
 09:56:32.575         0.203          0.000                      86  GPFDR     BEGN
 09:56:32.575         0.203          0.000          0.000       86  GPFDR     END 
 09:56:32.575         0.203          0.000                      87  OFP       BEGN
 09:56:32.575         0.203          0.000          0.000       87  OFP       END 
 09:56:32.575         0.203          0.000                      88  PURGE     BEGN
 09:56:32.575         0.203          0.000          0.000       88  PURGE     END 
 09:56:32.575         0.203          0.000                      89  COND      BEGN
 09:56:32.575         0.203          0.000          0.000       89  COND      END 
 09:56:32.575         0.203          0.000                      93  JUMP      BEGN
 09:56:32.575         0.203          0.000          0.000       93  JUMP      END 
 09:56:32.575         0.203          0.000                     103  PURGE     BEGN
 09:56:32.575         0.203          0.000          0.000      103  PURGE     END 
 09:56:32.575         0.203          0.000                     104  EXIT      BEGN
1     STATISTICS ON IN-MEMORY DATA BASE AND DISK I/O USAGE

         LENGTH (IN WORDS) OF OPEN CORE ALLOCATED                 160000000
         LENGTH (IN WORDS) OF IN-MEMORY DATA BASE ALLOCATED       240000000
         NUMBER OF BLOCKS USED IN THE IN-MEMORY DATA BASE               378
         NUMBER OF BLOCKS ALLOCATED FOR THE IN-MEMORY DATA           233236
         PERCENTAGE OF IN-MEMORY DATA USED                                0%
         TOTAL BLOCKS WRITTEN TO DISK                              60000000
         BLOCK SIZE (IN WORDS)                                         1024
         NUMBER OF OPENS TO DISK FILES                                    6
         NUMBER OF CLOSES TO DISK FILES                                   6
         NUMBER OF WRITES TO DISK FILES                                   8
         NUMBER OF READS FROM DISK FILES                                  9
         MEMORY (IN WORDS) NOT USED BY IN-MEM. DATA BASE          240542314
